<?xml version="1.0" encoding="UTF-8"?>
<!-- Generated by org.testng.reporters.JUnitXMLReporter -->
<testsuite ignored="6" hostname="DESKTOP-SLSVCDM" failures="0" tests="1" name="Default test" time="0.111" errors="0" timestamp="2022-06-19T15:53:06 IST">
  <testcase classname="org.TestNGEx3.GroupingEx1" name="umtest6" time="0.02"/>
  <testcase classname="org.TestNGEx3.GroupingEx1" name="umtest2" time="0.0">
    <ignored/>
  </testcase> <!-- umtest2 -->
  <testcase classname="org.TestNGEx3.GroupingEx1" name="umtest1" time="0.0">
    <ignored/>
  </testcase> <!-- umtest1 -->
  <testcase classname="org.TestNGEx3.GroupingEx1" name="umtest5" time="0.0">
    <ignored/>
  </testcase> <!-- umtest5 -->
  <testcase classname="org.TestNGEx3.GroupingEx1" name="umtest3" time="0.0">
    <ignored/>
  </testcase> <!-- umtest3 -->
  <testcase classname="org.TestNGEx3.GroupingEx1" name="umtest8" time="0.0">
    <ignored/>
  </testcase> <!-- umtest8 -->
  <testcase classname="org.TestNGEx3.GroupingEx1" name="umtest7" time="0.0">
    <ignored/>
  </testcase> <!-- umtest7 -->
</testsuite> <!-- Default test -->
