<?xml version="1.0" encoding="UTF-8"?>
<!-- Generated by org.testng.reporters.JUnitXMLReporter -->
<testsuite ignored="0" hostname="DESKTOP-SLSVCDM" failures="0" tests="3" name="Dev Environment" time="0.119" errors="0" timestamp="2022-06-14T13:54:52 IST">
  <testcase classname="org.TestNGEx2.AccountManagerEx1" name="addCustomer" time="0.011"/>
  <testcase classname="org.TestNGEx2.AccountManagerEx1" name="deleteAccount" time="0.002"/>
  <testcase classname="org.TestNGEx2.AccountManagerEx1" name="updateAccount" time="0.009"/>
</testsuite> <!-- Dev Environment -->
