<?xml version="1.0" encoding="UTF-8"?>
<!-- Generated by org.testng.reporters.JUnitXMLReporter -->
<testsuite ignored="0" hostname="DESKTOP-SLSVCDM" failures="0" tests="3" name="QA Environment" time="0.116" errors="0" timestamp="2022-06-14T13:54:52 IST">
  <testcase classname="org.TestNGEx2.CustomerManagerEx1" name="addCustomer" time="0.013"/>
  <testcase classname="org.TestNGEx2.CustomerManagerEx1" name="deleteCustomer" time="0.003"/>
  <testcase classname="org.TestNGEx2.CustomerManagerEx1" name="updateCustomer" time="0.003"/>
</testsuite> <!-- QA Environment -->
