<?xml version="1.0" encoding="UTF-8"?>
<!-- Generated by org.testng.reporters.JUnitXMLReporter -->
<testsuite ignored="0" hostname="DESKTOP-SLSVCDM" failures="0" tests="3" name="Regrassion" time="0.026" errors="0" timestamp="2022-06-13T16:59:47 IST">
  <testcase classname="org.TestNGEx2.CustomerManagerEx2" name="addCustomer" time="0.004"/>
  <testcase classname="org.TestNGEx2.CustomerManagerEx2" name="deleteCustomer" time="0.003"/>
  <testcase classname="org.TestNGEx2.CustomerManagerEx2" name="updateCustomer" time="0.002"/>
</testsuite> <!-- Regrassion -->
