<?xml version="1.0" encoding="UTF-8"?>
<!-- Generated by org.testng.reporters.JUnitXMLReporter -->
<testsuite ignored="0" hostname="DESKTOP-SLSVCDM" failures="0" tests="3" name="Smoke" time="0.09" errors="0" timestamp="2022-06-13T16:59:46 IST">
  <testcase classname="org.TestNGEx2.AccountManagerEx2" name="addCustomer" time="0.009"/>
  <testcase classname="org.TestNGEx2.AccountManagerEx2" name="deleteAccount" time="0.005"/>
  <testcase classname="org.TestNGEx2.AccountManagerEx2" name="updateAccount" time="0.003"/>
</testsuite> <!-- Smoke -->
